0:0:0:0:0:0:0:1 -  - [10/Dec/2021:00:09:40 -0800] "POST / HTTP/1.1" 200 2812 "http://localhost:19001/" "Mozilla/5.0 (Macintosh; Intel Mac OS X 10_15_7) AppleWebKit/537.36 (KHTML, like Gecko) Chrome/96.0.4664.93 Safari/537.36"
0:0:0:0:0:0:0:1 -  - [10/Dec/2021:00:09:52 -0800] "GET /webui/static/css/jquery.json-viewer.css HTTP/1.1" 200 1970 "http://localhost:19001/" "Mozilla/5.0 (Macintosh; Intel Mac OS X 10_15_7) AppleWebKit/537.36 (KHTML, like Gecko) Chrome/96.0.4664.93 Safari/537.36"
0:0:0:0:0:0:0:1 -  - [10/Dec/2021:00:09:52 -0800] "GET /webui/static/css/style.css HTTP/1.1" 200 4921 "http://localhost:19001/" "Mozilla/5.0 (Macintosh; Intel Mac OS X 10_15_7) AppleWebKit/537.36 (KHTML, like Gecko) Chrome/96.0.4664.93 Safari/537.36"
0:0:0:0:0:0:0:1 -  - [10/Dec/2021:00:09:52 -0800] "GET /webui/static/css/bootstrap-responsive.min.css HTTP/1.1" 200 16841 "http://localhost:19001/" "Mozilla/5.0 (Macintosh; Intel Mac OS X 10_15_7) AppleWebKit/537.36 (KHTML, like Gecko) Chrome/96.0.4664.93 Safari/537.36"
0:0:0:0:0:0:0:1 -  - [10/Dec/2021:00:09:52 -0800] "GET /webui/static/css/bootstrap.min.css HTTP/1.1" 200 125666 "http://localhost:19001/" "Mozilla/5.0 (Macintosh; Intel Mac OS X 10_15_7) AppleWebKit/537.36 (KHTML, like Gecko) Chrome/96.0.4664.93 Safari/537.36"
0:0:0:0:0:0:0:1 -  - [10/Dec/2021:00:10:31 -0800] "POST / HTTP/1.1" 200 2812 "http://localhost:19001/" "Mozilla/5.0 (Macintosh; Intel Mac OS X 10_15_7) AppleWebKit/537.36 (KHTML, like Gecko) Chrome/96.0.4664.93 Safari/537.36"
0:0:0:0:0:0:0:1 -  - [10/Dec/2021:00:10:35 -0800] "GET / HTTP/1.1" 200 16172 - "Mozilla/5.0 (Macintosh; Intel Mac OS X 10_15_7) AppleWebKit/537.36 (KHTML, like Gecko) Chrome/96.0.4664.93 Safari/537.36"
0:0:0:0:0:0:0:1 -  - [10/Dec/2021:00:10:36 -0800] "GET /webui/static/js/jquery.json-viewer.js HTTP/1.1" 200 5246 "http://localhost:19001/" "Mozilla/5.0 (Macintosh; Intel Mac OS X 10_15_7) AppleWebKit/537.36 (KHTML, like Gecko) Chrome/96.0.4664.93 Safari/537.36"
0:0:0:0:0:0:0:1 -  - [10/Dec/2021:00:10:36 -0800] "GET /webui/static/css/style.css HTTP/1.1" 200 4921 "http://localhost:19001/" "Mozilla/5.0 (Macintosh; Intel Mac OS X 10_15_7) AppleWebKit/537.36 (KHTML, like Gecko) Chrome/96.0.4664.93 Safari/537.36"
0:0:0:0:0:0:0:1 -  - [10/Dec/2021:00:10:36 -0800] "GET /webui/static/css/bootstrap-responsive.min.css HTTP/1.1" 200 16841 "http://localhost:19001/" "Mozilla/5.0 (Macintosh; Intel Mac OS X 10_15_7) AppleWebKit/537.36 (KHTML, like Gecko) Chrome/96.0.4664.93 Safari/537.36"
0:0:0:0:0:0:0:1 -  - [10/Dec/2021:00:10:36 -0800] "GET /webui/static/js/bootstrap.min.js HTTP/1.1" 200 28751 "http://localhost:19001/" "Mozilla/5.0 (Macintosh; Intel Mac OS X 10_15_7) AppleWebKit/537.36 (KHTML, like Gecko) Chrome/96.0.4664.93 Safari/537.36"
0:0:0:0:0:0:0:1 -  - [10/Dec/2021:00:10:36 -0800] "GET /webui/static/js/jquery.min.js HTTP/1.1" 200 92559 "http://localhost:19001/" "Mozilla/5.0 (Macintosh; Intel Mac OS X 10_15_7) AppleWebKit/537.36 (KHTML, like Gecko) Chrome/96.0.4664.93 Safari/537.36"
0:0:0:0:0:0:0:1 -  - [10/Dec/2021:00:10:36 -0800] "GET /webui/static/css/bootstrap.min.css HTTP/1.1" 200 125666 "http://localhost:19001/" "Mozilla/5.0 (Macintosh; Intel Mac OS X 10_15_7) AppleWebKit/537.36 (KHTML, like Gecko) Chrome/96.0.4664.93 Safari/537.36"
0:0:0:0:0:0:0:1 -  - [10/Dec/2021:00:10:36 -0800] "GET /webui/static/css/jquery.json-viewer.css HTTP/1.1" 200 1970 "http://localhost:19001/" "Mozilla/5.0 (Macintosh; Intel Mac OS X 10_15_7) AppleWebKit/537.36 (KHTML, like Gecko) Chrome/96.0.4664.93 Safari/537.36"
0:0:0:0:0:0:0:1 -  - [10/Dec/2021:00:10:36 -0800] "GET /webui/static/img/targetlink.png HTTP/1.1" 200 150 "http://localhost:19001/" "Mozilla/5.0 (Macintosh; Intel Mac OS X 10_15_7) AppleWebKit/537.36 (KHTML, like Gecko) Chrome/96.0.4664.93 Safari/537.36"
0:0:0:0:0:0:0:1 -  - [10/Dec/2021:00:10:36 -0800] "GET /webui/static/img/finalasterixlogo.png HTTP/1.1" 200 39081 "http://localhost:19001/" "Mozilla/5.0 (Macintosh; Intel Mac OS X 10_15_7) AppleWebKit/537.36 (KHTML, like Gecko) Chrome/96.0.4664.93 Safari/537.36"
0:0:0:0:0:0:0:1 -  - [10/Dec/2021:00:10:54 -0800] "POST / HTTP/1.1" 200 916 "http://localhost:19001/" "Mozilla/5.0 (Macintosh; Intel Mac OS X 10_15_7) AppleWebKit/537.36 (KHTML, like Gecko) Chrome/96.0.4664.93 Safari/537.36"
0:0:0:0:0:0:0:1 -  - [10/Dec/2021:00:11:08 -0800] "POST / HTTP/1.1" 200 2812 "http://localhost:19001/" "Mozilla/5.0 (Macintosh; Intel Mac OS X 10_15_7) AppleWebKit/537.36 (KHTML, like Gecko) Chrome/96.0.4664.93 Safari/537.36"
0:0:0:0:0:0:0:1 -  - [10/Dec/2021:00:11:17 -0800] "POST / HTTP/1.1" 200 2812 "http://localhost:19001/" "Mozilla/5.0 (Macintosh; Intel Mac OS X 10_15_7) AppleWebKit/537.36 (KHTML, like Gecko) Chrome/96.0.4664.93 Safari/537.36"
127.0.0.1 -  - [10/Dec/2021:01:21:50 -0800] "GET /admin/cluster HTTP/1.1" 200 3334 - "Java/1.8.0_311"
127.0.0.1 -  - [10/Dec/2021:01:21:51 -0800] "POST /admin/shutdown?all=true HTTP/1.1" 202 548 - "Java/1.8.0_311"
