01:21:51.739 [ShutdownWatchdog] INFO  org.apache.hyracks.util.ExitUtil - starting shutdown watchdog- system will halt if shutdown is not completed within 600 seconds
01:21:51.739 [JVM exit thread] WARN  org.apache.hyracks.util.ExitUtil - JVM exiting with status 99; bye!
java.lang.Throwable: exit callstack
	at org.apache.hyracks.util.ExitUtil.exit(ExitUtil.java:89) ~[hyracks-util-0.3.6.jar:0.3.6]
	at org.apache.hyracks.control.nc.task.ShutdownTask.run(ShutdownTask.java:36) ~[hyracks-control-nc-0.3.6.jar:0.3.6]
	at java.util.concurrent.Executors$RunnableAdapter.call(Executors.java:511) ~[?:1.8.0_311]
	at java.util.concurrent.FutureTask.run(FutureTask.java:266) ~[?:1.8.0_311]
	at java.util.concurrent.ThreadPoolExecutor.runWorker(ThreadPoolExecutor.java:1149) ~[?:1.8.0_311]
	at java.util.concurrent.ThreadPoolExecutor$Worker.run(ThreadPoolExecutor.java:624) ~[?:1.8.0_311]
	at java.lang.Thread.run(Thread.java:748) ~[?:1.8.0_311]
01:21:51.783 [JVM exit thread] INFO  org.apache.hyracks.util.ExitUtil - the following (2) shutdown hooks have been registered: {Thread[Thread-0,5,main]=Thread[Thread-0,5,main], Thread[ShutdownHook-asterix_nc2,5,main]=Thread[ShutdownHook-asterix_nc2,5,main]}
01:21:51.784 [ShutdownHook-asterix_nc2] INFO  org.apache.hyracks.control.common.ControllerShutdownHook - Shutdown hook called
01:21:51.788 [ShutdownHook-asterix_nc2] INFO  org.apache.hyracks.control.nc.NodeControllerService - Stopping NodeControllerService
01:21:51.788 [ShutdownHook-asterix_nc2] WARN  org.apache.asterix.active.ActiveManager - Shutting down ActiveManager on node asterix_nc2
01:21:51.815 [ShutdownHook-asterix_nc2] WARN  org.apache.asterix.active.ActiveManager - Shutdown ActiveManager on node asterix_nc2 complete
01:21:51.817 [Executor-5:asterix_nc2] WARN  org.apache.hyracks.control.nc.result.ResultPartitionManager - Result cleaner thread interrupted, shutting down.
01:21:51.819 [ShutdownHook-asterix_nc2] INFO  org.apache.asterix.hyracks.bootstrap.NCApplication - Stopping Asterix node controller: asterix_nc2
01:21:54.047 [ShutdownHook-asterix_nc2] INFO  org.apache.hyracks.api.lifecycle.LifeCycleComponentManager - Attempting to stop org.apache.hyracks.api.lifecycle.LifeCycleComponentManager@4e7912d8
01:21:54.048 [ShutdownHook-asterix_nc2] ERROR org.apache.hyracks.api.lifecycle.LifeCycleComponentManager - Stopping instance
01:21:54.048 [ShutdownHook-asterix_nc2] INFO  org.apache.hyracks.api.lifecycle.LifeCycleComponentManager - Stopping component instance org.apache.asterix.external.library.ExternalLibraryManager; dump state: false, dump path: null
01:21:54.048 [ShutdownHook-asterix_nc2] INFO  org.apache.hyracks.api.lifecycle.LifeCycleComponentManager - Stopping component instance org.apache.asterix.transaction.management.service.recovery.CheckpointManager; dump state: false, dump path: null
01:21:54.049 [Checkpoint Thread (42)] INFO  org.apache.asterix.transaction.management.service.recovery.CheckpointThread - Checkpoint thread interrupted
java.lang.InterruptedException: sleep interrupted
	at java.lang.Thread.sleep(Native Method) ~[?:1.8.0_311]
	at org.apache.asterix.transaction.management.service.recovery.CheckpointThread.run(CheckpointThread.java:59) [asterix-transactions-0.9.6.jar:0.9.6]
01:21:54.051 [ShutdownHook-asterix_nc2] INFO  org.apache.hyracks.api.lifecycle.LifeCycleComponentManager - Stopping component instance org.apache.asterix.transaction.management.service.locking.ConcurrentLockManager; dump state: false, dump path: null
01:21:54.051 [ShutdownHook-asterix_nc2] INFO  org.apache.hyracks.api.lifecycle.LifeCycleComponentManager - Stopping component instance org.apache.asterix.transaction.management.service.transaction.TransactionManager; dump state: false, dump path: null
01:21:54.052 [ShutdownHook-asterix_nc2] INFO  org.apache.hyracks.api.lifecycle.LifeCycleComponentManager - Stopping component instance org.apache.asterix.common.context.DatasetLifecycleManager; dump state: false, dump path: null
01:21:54.060 [ShutdownHook-asterix_nc2] INFO  org.apache.asterix.common.context.PrimaryIndexOperationTracker - Primary index on dataset 101 and partition 1 is empty... skipping flush
01:21:54.063 [ShutdownHook-asterix_nc2] INFO  org.apache.hyracks.storage.am.lsm.common.impls.AbstractLSMIndex - Deactivating the index: {"class" : "LSMBTree", "dir" : "/Users/abraham/Projects/sources/apache-asterixdb-0.9.6/opt/local/data/blue/storage/partition_1/twitter_data/ArsenalTweets/0/ArsenalTweets", "memory" : [{"class":"LSMBTreeMemoryComponent", "state":"INACTIVE", "writers":0, "readers":0, "pendingFlushes":0, "id":"[1,1]"}, {"class":"LSMBTreeMemoryComponent", "state":"INACTIVE", "writers":0, "readers":0, "pendingFlushes":0, "id":"null"}], "disk" : 1, "num-scheduled-flushes":0, "current-memory-component":1}. STARTED
01:21:54.064 [ShutdownHook-asterix_nc2] INFO  org.apache.hyracks.storage.am.lsm.common.impls.AbstractLSMIndex - Deactivating the disk components of: {"class" : "LSMBTree", "dir" : "/Users/abraham/Projects/sources/apache-asterixdb-0.9.6/opt/local/data/blue/storage/partition_1/twitter_data/ArsenalTweets/0/ArsenalTweets", "memory" : [{"class":"LSMBTreeMemoryComponent", "state":"INACTIVE", "writers":0, "readers":0, "pendingFlushes":0, "id":"[1,1]"}, {"class":"LSMBTreeMemoryComponent", "state":"INACTIVE", "writers":0, "readers":0, "pendingFlushes":0, "id":"null"}], "disk" : 1, "num-scheduled-flushes":0, "current-memory-component":1}
01:21:54.066 [ShutdownHook-asterix_nc2] INFO  org.apache.hyracks.storage.am.lsm.common.impls.AbstractLSMIndex - Deallocating memory components of: {"class" : "LSMBTree", "dir" : "/Users/abraham/Projects/sources/apache-asterixdb-0.9.6/opt/local/data/blue/storage/partition_1/twitter_data/ArsenalTweets/0/ArsenalTweets", "memory" : [{"class":"LSMBTreeMemoryComponent", "state":"INACTIVE", "writers":0, "readers":0, "pendingFlushes":0, "id":"[1,1]"}, {"class":"LSMBTreeMemoryComponent", "state":"INACTIVE", "writers":0, "readers":0, "pendingFlushes":0, "id":"null"}], "disk" : 1, "num-scheduled-flushes":0, "current-memory-component":1}
01:21:54.068 [ShutdownHook-asterix_nc2] INFO  org.apache.asterix.common.context.GlobalVirtualBufferCache - Unregistered primary index {"class" : "LSMBTree", "dir" : "/Users/abraham/Projects/sources/apache-asterixdb-0.9.6/opt/local/data/blue/storage/partition_1/twitter_data/ArsenalTweets/0/ArsenalTweets", "memory" : [{"class":"LSMBTreeMemoryComponent", "state":"INACTIVE", "writers":0, "readers":0, "pendingFlushes":0, "id":"null"}, {"class":"LSMBTreeMemoryComponent", "state":"INACTIVE", "writers":0, "readers":0, "pendingFlushes":0, "id":"null"}], "disk" : 1, "num-scheduled-flushes":0, "current-memory-component":1} to the global VBC
01:21:54.071 [ShutdownHook-asterix_nc2] INFO  org.apache.hyracks.storage.am.lsm.common.impls.AbstractLSMIndex - Deactivating the index: {"class" : "LSMBTree", "dir" : "/Users/abraham/Projects/sources/apache-asterixdb-0.9.6/opt/local/data/blue/storage/partition_1/twitter_data/ArsenalTweets/0/ArsenalTweets", "memory" : [{"class":"LSMBTreeMemoryComponent", "state":"INACTIVE", "writers":0, "readers":0, "pendingFlushes":0, "id":"null"}, {"class":"LSMBTreeMemoryComponent", "state":"INACTIVE", "writers":0, "readers":0, "pendingFlushes":0, "id":"null"}], "disk" : 1, "num-scheduled-flushes":0, "current-memory-component":1}. COMPLETED
01:21:54.072 [ShutdownHook-asterix_nc2] INFO  org.apache.hyracks.api.lifecycle.LifeCycleComponentManager - Stopping component instance org.apache.asterix.app.nc.RecoveryManager; dump state: false, dump path: null
01:21:54.073 [ShutdownHook-asterix_nc2] INFO  org.apache.hyracks.api.lifecycle.LifeCycleComponentManager - Stopping component instance org.apache.asterix.transaction.management.service.logging.LogManager; dump state: false, dump path: null
01:21:54.073 [ShutdownHook-asterix_nc2] INFO  org.apache.asterix.transaction.management.service.logging.LogManager - Terminating LogFlusher thread ...
01:21:54.073 [ShutdownHook-asterix_nc2] INFO  org.apache.asterix.transaction.management.service.logging.LogManager - LogFlusher thread is terminated.
01:21:54.073 [ShutdownHook-asterix_nc2] INFO  org.apache.asterix.transaction.management.service.logging.LogManager - closing current log file with id(3)
01:21:54.073 [ShutdownHook-asterix_nc2] INFO  org.apache.hyracks.api.lifecycle.LifeCycleComponentManager - Stopping component instance org.apache.hyracks.storage.common.buffercache.BufferCache; dump state: false, dump path: null
01:21:54.077 [ShutdownHook-asterix_nc2] INFO  org.apache.hyracks.api.lifecycle.LifeCycleComponentManager - Stopping component instance org.apache.asterix.common.context.GlobalVirtualBufferCache; dump state: false, dump path: null
01:21:54.081 [asterix_nc2-Heartbeat] INFO  org.apache.hyracks.control.nc.heartbeat.HeartbeatTask - Heartbeat task interrupted; shutting down
01:21:54.103 [IoRequestHandler-0] INFO  org.apache.hyracks.control.nc.io.IoRequestHandler - Exiting
01:21:54.104 [IoRequestHandler-1] INFO  org.apache.hyracks.control.nc.io.IoRequestHandler - Exiting
01:21:54.105 [ShutdownHook-asterix_nc2] INFO  org.apache.hyracks.control.nc.NodeControllerService - Stopped NodeControllerService
