[2021-11-20 09:12:03,565] INFO Unable to read additional data from server sessionid 0x1001a249bbc0000, likely server has closed socket, closing socket connection and attempting reconnect (org.apache.zookeeper.ClientCnxn)
[2021-11-20 09:12:05,480] INFO Opening socket connection to server localhost/127.0.0.1:2181. Will not attempt to authenticate using SASL (unknown error) (org.apache.zookeeper.ClientCnxn)
[2021-11-20 09:12:05,480] INFO Socket connection established, initiating session, client: /127.0.0.1:64819, server: localhost/127.0.0.1:2181 (org.apache.zookeeper.ClientCnxn)
[2021-11-20 09:12:05,508] WARN Unable to reconnect to ZooKeeper service, session 0x1001a249bbc0000 has expired (org.apache.zookeeper.ClientCnxn)
[2021-11-20 09:12:05,509] INFO Unable to reconnect to ZooKeeper service, session 0x1001a249bbc0000 has expired, closing socket connection (org.apache.zookeeper.ClientCnxn)
[2021-11-20 09:12:05,543] INFO EventThread shut down for session: 0x1001a249bbc0000 (org.apache.zookeeper.ClientCnxn)
[2021-11-20 09:12:05,551] INFO [ZooKeeperClient Kafka server] Session expired. (kafka.zookeeper.ZooKeeperClient)
[2021-11-20 09:12:05,577] INFO [ZooKeeperClient Kafka server] Initializing a new session to localhost:2181. (kafka.zookeeper.ZooKeeperClient)
[2021-11-20 09:12:05,577] INFO Initiating client connection, connectString=localhost:2181 sessionTimeout=18000 watcher=kafka.zookeeper.ZooKeeperClient$ZooKeeperClientWatcher$@14cd1699 (org.apache.zookeeper.ZooKeeper)
[2021-11-20 09:12:05,577] INFO jute.maxbuffer value is 4194304 Bytes (org.apache.zookeeper.ClientCnxnSocket)
[2021-11-20 09:12:05,582] INFO zookeeper.request.timeout value is 0. feature enabled= (org.apache.zookeeper.ClientCnxn)
[2021-11-20 09:12:05,601] INFO Opening socket connection to server localhost/127.0.0.1:2181. Will not attempt to authenticate using SASL (unknown error) (org.apache.zookeeper.ClientCnxn)
[2021-11-20 09:12:05,608] INFO Creating /brokers/ids/0 (is it secure? false) (kafka.zk.KafkaZkClient)
[2021-11-20 09:12:05,608] INFO Socket connection established, initiating session, client: /127.0.0.1:64820, server: localhost/127.0.0.1:2181 (org.apache.zookeeper.ClientCnxn)
[2021-11-20 09:12:05,630] INFO Session establishment complete on server localhost/127.0.0.1:2181, sessionid = 0x1001a249bbc0001, negotiated timeout = 18000 (org.apache.zookeeper.ClientCnxn)
[2021-11-20 09:12:05,639] INFO Stat of the created znode at /brokers/ids/0 is: 259,259,1637428325632,1637428325632,1,0,0,72086338571862017,220,0,259
 (kafka.zk.KafkaZkClient)
[2021-11-20 09:12:05,639] INFO Registered broker 0 at path /brokers/ids/0 with addresses: PLAINTEXT://MERLIN.localdomain:9092, czxid (broker epoch): 259 (kafka.zk.KafkaZkClient)
[2021-11-20 09:12:05,641] INFO Updated cache from existing FinalizedFeaturesAndEpoch(features=Features{}, epoch=0) to latest FinalizedFeaturesAndEpoch(features=Features{}, epoch=0). (kafka.server.FinalizedFeatureCache)
[2021-11-20 09:13:56,025] INFO Terminating process due to signal SIGINT (org.apache.kafka.common.utils.LoggingSignalHandler)
[2021-11-20 09:13:56,026] INFO [KafkaServer id=0] shutting down (kafka.server.KafkaServer)
[2021-11-20 09:13:56,027] INFO [KafkaServer id=0] Starting controlled shutdown (kafka.server.KafkaServer)
[2021-11-20 09:13:56,044] INFO [KafkaServer id=0] Controlled shutdown succeeded (kafka.server.KafkaServer)
[2021-11-20 09:13:56,046] INFO [/config/changes-event-process-thread]: Shutting down (kafka.common.ZkNodeChangeNotificationListener$ChangeEventProcessThread)
[2021-11-20 09:13:56,046] INFO [/config/changes-event-process-thread]: Stopped (kafka.common.ZkNodeChangeNotificationListener$ChangeEventProcessThread)
[2021-11-20 09:13:56,046] INFO [/config/changes-event-process-thread]: Shutdown completed (kafka.common.ZkNodeChangeNotificationListener$ChangeEventProcessThread)
[2021-11-20 09:13:56,046] INFO [SocketServer listenerType=ZK_BROKER, nodeId=0] Stopping socket server request processors (kafka.network.SocketServer)
[2021-11-20 09:13:56,051] INFO [SocketServer listenerType=ZK_BROKER, nodeId=0] Stopped socket server request processors (kafka.network.SocketServer)
[2021-11-20 09:13:56,051] INFO [data-plane Kafka Request Handler on Broker 0], shutting down (kafka.server.KafkaRequestHandlerPool)
[2021-11-20 09:13:56,053] INFO [data-plane Kafka Request Handler on Broker 0], shut down completely (kafka.server.KafkaRequestHandlerPool)
[2021-11-20 09:13:56,055] INFO [ExpirationReaper-0-AlterAcls]: Shutting down (kafka.server.DelayedOperationPurgatory$ExpiredOperationReaper)
[2021-11-20 09:13:56,074] INFO [ExpirationReaper-0-AlterAcls]: Stopped (kafka.server.DelayedOperationPurgatory$ExpiredOperationReaper)
[2021-11-20 09:13:56,074] INFO [ExpirationReaper-0-AlterAcls]: Shutdown completed (kafka.server.DelayedOperationPurgatory$ExpiredOperationReaper)
[2021-11-20 09:13:56,075] INFO [KafkaApi-0] Shutdown complete. (kafka.server.KafkaApis)
[2021-11-20 09:13:56,075] INFO [ExpirationReaper-0-topic]: Shutting down (kafka.server.DelayedOperationPurgatory$ExpiredOperationReaper)
[2021-11-20 09:13:56,214] INFO [ExpirationReaper-0-topic]: Stopped (kafka.server.DelayedOperationPurgatory$ExpiredOperationReaper)
[2021-11-20 09:13:56,214] INFO [ExpirationReaper-0-topic]: Shutdown completed (kafka.server.DelayedOperationPurgatory$ExpiredOperationReaper)
[2021-11-20 09:13:56,216] INFO [TransactionCoordinator id=0] Shutting down. (kafka.coordinator.transaction.TransactionCoordinator)
[2021-11-20 09:13:56,216] INFO [ProducerId Manager 0]: Shutdown complete: last producerId assigned 3000 (kafka.coordinator.transaction.ProducerIdManager)
[2021-11-20 09:13:56,217] INFO [Transaction State Manager 0]: Shutdown complete (kafka.coordinator.transaction.TransactionStateManager)
[2021-11-20 09:13:56,217] INFO [Transaction Marker Channel Manager 0]: Shutting down (kafka.coordinator.transaction.TransactionMarkerChannelManager)
[2021-11-20 09:13:56,217] INFO [Transaction Marker Channel Manager 0]: Stopped (kafka.coordinator.transaction.TransactionMarkerChannelManager)
[2021-11-20 09:13:56,217] INFO [Transaction Marker Channel Manager 0]: Shutdown completed (kafka.coordinator.transaction.TransactionMarkerChannelManager)
[2021-11-20 09:13:56,217] INFO [TransactionCoordinator id=0] Shutdown complete. (kafka.coordinator.transaction.TransactionCoordinator)
[2021-11-20 09:13:56,218] INFO [GroupCoordinator 0]: Shutting down. (kafka.coordinator.group.GroupCoordinator)
[2021-11-20 09:13:56,218] INFO [ExpirationReaper-0-Heartbeat]: Shutting down (kafka.server.DelayedOperationPurgatory$ExpiredOperationReaper)
[2021-11-20 09:13:56,274] INFO [ExpirationReaper-0-Heartbeat]: Stopped (kafka.server.DelayedOperationPurgatory$ExpiredOperationReaper)
[2021-11-20 09:13:56,274] INFO [ExpirationReaper-0-Heartbeat]: Shutdown completed (kafka.server.DelayedOperationPurgatory$ExpiredOperationReaper)
[2021-11-20 09:13:56,275] INFO [ExpirationReaper-0-Rebalance]: Shutting down (kafka.server.DelayedOperationPurgatory$ExpiredOperationReaper)
[2021-11-20 09:13:56,474] INFO [ExpirationReaper-0-Rebalance]: Stopped (kafka.server.DelayedOperationPurgatory$ExpiredOperationReaper)
[2021-11-20 09:13:56,474] INFO [ExpirationReaper-0-Rebalance]: Shutdown completed (kafka.server.DelayedOperationPurgatory$ExpiredOperationReaper)
[2021-11-20 09:13:56,475] INFO [GroupCoordinator 0]: Shutdown complete. (kafka.coordinator.group.GroupCoordinator)
[2021-11-20 09:13:56,475] INFO [ReplicaManager broker=0] Shutting down (kafka.server.ReplicaManager)
[2021-11-20 09:13:56,476] INFO [LogDirFailureHandler]: Shutting down (kafka.server.ReplicaManager$LogDirFailureHandler)
[2021-11-20 09:13:56,476] INFO [LogDirFailureHandler]: Stopped (kafka.server.ReplicaManager$LogDirFailureHandler)
[2021-11-20 09:13:56,476] INFO [LogDirFailureHandler]: Shutdown completed (kafka.server.ReplicaManager$LogDirFailureHandler)
[2021-11-20 09:13:56,476] INFO [ReplicaFetcherManager on broker 0] shutting down (kafka.server.ReplicaFetcherManager)
[2021-11-20 09:13:56,477] INFO [ReplicaFetcherManager on broker 0] shutdown completed (kafka.server.ReplicaFetcherManager)
[2021-11-20 09:13:56,477] INFO [ReplicaAlterLogDirsManager on broker 0] shutting down (kafka.server.ReplicaAlterLogDirsManager)
[2021-11-20 09:13:56,477] INFO [ReplicaAlterLogDirsManager on broker 0] shutdown completed (kafka.server.ReplicaAlterLogDirsManager)
[2021-11-20 09:13:56,477] INFO [ExpirationReaper-0-Fetch]: Shutting down (kafka.server.DelayedOperationPurgatory$ExpiredOperationReaper)
[2021-11-20 09:13:56,483] INFO [ExpirationReaper-0-Fetch]: Stopped (kafka.server.DelayedOperationPurgatory$ExpiredOperationReaper)
[2021-11-20 09:13:56,483] INFO [ExpirationReaper-0-Fetch]: Shutdown completed (kafka.server.DelayedOperationPurgatory$ExpiredOperationReaper)
[2021-11-20 09:13:56,484] INFO [ExpirationReaper-0-Produce]: Shutting down (kafka.server.DelayedOperationPurgatory$ExpiredOperationReaper)
[2021-11-20 09:13:56,620] INFO [ExpirationReaper-0-Produce]: Stopped (kafka.server.DelayedOperationPurgatory$ExpiredOperationReaper)
[2021-11-20 09:13:56,620] INFO [ExpirationReaper-0-Produce]: Shutdown completed (kafka.server.DelayedOperationPurgatory$ExpiredOperationReaper)
[2021-11-20 09:13:56,620] INFO [ExpirationReaper-0-DeleteRecords]: Shutting down (kafka.server.DelayedOperationPurgatory$ExpiredOperationReaper)
[2021-11-20 09:13:56,681] INFO [ExpirationReaper-0-DeleteRecords]: Stopped (kafka.server.DelayedOperationPurgatory$ExpiredOperationReaper)
[2021-11-20 09:13:56,681] INFO [ExpirationReaper-0-DeleteRecords]: Shutdown completed (kafka.server.DelayedOperationPurgatory$ExpiredOperationReaper)
[2021-11-20 09:13:56,681] INFO [ExpirationReaper-0-ElectLeader]: Shutting down (kafka.server.DelayedOperationPurgatory$ExpiredOperationReaper)
[2021-11-20 09:13:56,822] INFO [ExpirationReaper-0-ElectLeader]: Stopped (kafka.server.DelayedOperationPurgatory$ExpiredOperationReaper)
[2021-11-20 09:13:56,822] INFO [ExpirationReaper-0-ElectLeader]: Shutdown completed (kafka.server.DelayedOperationPurgatory$ExpiredOperationReaper)
[2021-11-20 09:13:56,825] INFO [ReplicaManager broker=0] Shut down completely (kafka.server.ReplicaManager)
[2021-11-20 09:13:56,826] INFO [broker-0-to-controller-send-thread]: Shutting down (kafka.server.BrokerToControllerRequestThread)
[2021-11-20 09:13:56,826] INFO [broker-0-to-controller-send-thread]: Stopped (kafka.server.BrokerToControllerRequestThread)
[2021-11-20 09:13:56,826] INFO [broker-0-to-controller-send-thread]: Shutdown completed (kafka.server.BrokerToControllerRequestThread)
[2021-11-20 09:13:56,827] INFO Broker to controller channel manager for alterIsrChannel shutdown (kafka.server.BrokerToControllerChannelManagerImpl)
[2021-11-20 09:13:56,829] INFO Shutting down. (kafka.log.LogManager)
[2021-11-20 09:13:56,884] WARN Invalid argument (kafka.utils.CoreUtils$)
java.io.IOException: Invalid argument
	at java.io.RandomAccessFile.setLength(Native Method)
	at kafka.log.AbstractIndex.$anonfun$resize$1(AbstractIndex.scala:189)
	at kafka.log.AbstractIndex.resize(AbstractIndex.scala:175)
	at kafka.log.TimeIndex.super$resize(TimeIndex.scala:191)
	at kafka.log.TimeIndex.$anonfun$resize$1(TimeIndex.scala:191)
	at kafka.log.TimeIndex.resize(TimeIndex.scala:191)
	at kafka.log.AbstractIndex.$anonfun$trimToValidSize$1(AbstractIndex.scala:241)
	at kafka.log.AbstractIndex.trimToValidSize(AbstractIndex.scala:241)
	at kafka.log.AbstractIndex.close(AbstractIndex.scala:252)
	at kafka.log.LazyIndex$IndexValue.close(LazyIndex.scala:159)
	at kafka.log.LazyIndex.$anonfun$close$1(LazyIndex.scala:91)
	at kafka.log.LazyIndex.close(LazyIndex.scala:91)
	at kafka.log.LogSegment.$anonfun$close$3(LogSegment.scala:591)
	at kafka.utils.CoreUtils$.swallow(CoreUtils.scala:68)
	at kafka.log.LogSegment.close(LogSegment.scala:591)
	at kafka.log.Log.$anonfun$close$4(Log.scala:1082)
	at kafka.log.Log.$anonfun$close$4$adapted(Log.scala:1082)
	at scala.collection.Iterator.foreach(Iterator.scala:943)
	at scala.collection.Iterator.foreach$(Iterator.scala:943)
	at scala.collection.AbstractIterator.foreach(Iterator.scala:1431)
	at scala.collection.IterableLike.foreach(IterableLike.scala:74)
	at scala.collection.IterableLike.foreach$(IterableLike.scala:73)
	at scala.collection.AbstractIterable.foreach(Iterable.scala:56)
	at kafka.log.Log.$anonfun$close$3(Log.scala:1082)
	at kafka.log.Log.close(Log.scala:2482)
	at kafka.log.LogManager.$anonfun$shutdown$7(LogManager.scala:494)
	at java.util.concurrent.Executors$RunnableAdapter.call(Executors.java:511)
	at java.util.concurrent.FutureTask.run(FutureTask.java:266)
	at java.util.concurrent.ThreadPoolExecutor.runWorker(ThreadPoolExecutor.java:1149)
	at java.util.concurrent.ThreadPoolExecutor$Worker.run(ThreadPoolExecutor.java:624)
	at java.lang.Thread.run(Thread.java:748)
[2021-11-20 09:13:56,906] INFO Shutdown complete. (kafka.log.LogManager)
[2021-11-20 09:13:56,909] INFO [feature-zk-node-event-process-thread]: Shutting down (kafka.server.FinalizedFeatureChangeListener$ChangeNotificationProcessorThread)
[2021-11-20 09:13:56,909] INFO [feature-zk-node-event-process-thread]: Stopped (kafka.server.FinalizedFeatureChangeListener$ChangeNotificationProcessorThread)
[2021-11-20 09:13:56,909] INFO [feature-zk-node-event-process-thread]: Shutdown completed (kafka.server.FinalizedFeatureChangeListener$ChangeNotificationProcessorThread)
[2021-11-20 09:13:56,910] INFO [ZooKeeperClient Kafka server] Closing. (kafka.zookeeper.ZooKeeperClient)
[2021-11-20 09:13:57,012] INFO EventThread shut down for session: 0x1001a249bbc0001 (org.apache.zookeeper.ClientCnxn)
[2021-11-20 09:13:57,012] INFO Session: 0x1001a249bbc0001 closed (org.apache.zookeeper.ZooKeeper)
[2021-11-20 09:13:57,013] INFO [ZooKeeperClient Kafka server] Closed. (kafka.zookeeper.ZooKeeperClient)
[2021-11-20 09:13:57,013] INFO [ThrottledChannelReaper-Fetch]: Shutting down (kafka.server.ClientQuotaManager$ThrottledChannelReaper)
[2021-11-20 09:13:57,159] INFO [ThrottledChannelReaper-Fetch]: Stopped (kafka.server.ClientQuotaManager$ThrottledChannelReaper)
[2021-11-20 09:13:57,159] INFO [ThrottledChannelReaper-Fetch]: Shutdown completed (kafka.server.ClientQuotaManager$ThrottledChannelReaper)
[2021-11-20 09:13:57,159] INFO [ThrottledChannelReaper-Produce]: Shutting down (kafka.server.ClientQuotaManager$ThrottledChannelReaper)
[2021-11-20 09:13:58,159] INFO [ThrottledChannelReaper-Produce]: Stopped (kafka.server.ClientQuotaManager$ThrottledChannelReaper)
[2021-11-20 09:13:58,159] INFO [ThrottledChannelReaper-Produce]: Shutdown completed (kafka.server.ClientQuotaManager$ThrottledChannelReaper)
[2021-11-20 09:13:58,159] INFO [ThrottledChannelReaper-Request]: Shutting down (kafka.server.ClientQuotaManager$ThrottledChannelReaper)
[2021-11-20 09:13:58,664] INFO [ThrottledChannelReaper-Request]: Shutdown completed (kafka.server.ClientQuotaManager$ThrottledChannelReaper)
[2021-11-20 09:13:58,664] INFO [ThrottledChannelReaper-Request]: Stopped (kafka.server.ClientQuotaManager$ThrottledChannelReaper)
[2021-11-20 09:13:58,665] INFO [ThrottledChannelReaper-ControllerMutation]: Shutting down (kafka.server.ClientQuotaManager$ThrottledChannelReaper)
[2021-11-20 09:13:59,160] INFO [ThrottledChannelReaper-ControllerMutation]: Stopped (kafka.server.ClientQuotaManager$ThrottledChannelReaper)
[2021-11-20 09:13:59,160] INFO [ThrottledChannelReaper-ControllerMutation]: Shutdown completed (kafka.server.ClientQuotaManager$ThrottledChannelReaper)
[2021-11-20 09:13:59,161] INFO [SocketServer listenerType=ZK_BROKER, nodeId=0] Shutting down socket server (kafka.network.SocketServer)
[2021-11-20 09:13:59,183] INFO [SocketServer listenerType=ZK_BROKER, nodeId=0] Shutdown completed (kafka.network.SocketServer)
[2021-11-20 09:13:59,184] INFO Metrics scheduler closed (org.apache.kafka.common.metrics.Metrics)
[2021-11-20 09:13:59,184] INFO Closing reporter org.apache.kafka.common.metrics.JmxReporter (org.apache.kafka.common.metrics.Metrics)
[2021-11-20 09:13:59,184] INFO Metrics reporters closed (org.apache.kafka.common.metrics.Metrics)
[2021-11-20 09:13:59,186] INFO Broker and topic stats closed (kafka.server.BrokerTopicStats)
[2021-11-20 09:13:59,187] INFO App info kafka.server for 0 unregistered (org.apache.kafka.common.utils.AppInfoParser)
[2021-11-20 09:13:59,187] INFO [KafkaServer id=0] shut down completed (kafka.server.KafkaServer)
[2021-11-20 09:17:24,099] INFO Registered kafka:type=kafka.Log4jController MBean (kafka.utils.Log4jControllerRegistration$)
[2021-11-20 09:17:24,501] INFO Setting -D jdk.tls.rejectClientInitiatedRenegotiation=true to disable client-initiated TLS renegotiation (org.apache.zookeeper.common.X509Util)
[2021-11-20 09:17:24,571] INFO Registered signal handlers for TERM, INT, HUP (org.apache.kafka.common.utils.LoggingSignalHandler)
[2021-11-20 09:17:24,576] INFO starting (kafka.server.KafkaServer)
[2021-11-20 09:17:24,589] INFO Connecting to zookeeper on localhost:2181 (kafka.server.KafkaServer)
[2021-11-20 09:17:24,613] INFO [ZooKeeperClient Kafka server] Initializing a new session to localhost:2181. (kafka.zookeeper.ZooKeeperClient)
[2021-11-20 09:17:24,618] INFO Client environment:zookeeper.version=3.5.9-83df9301aa5c2a5d284a9940177808c01bc35cef, built on 01/06/2021 20:03 GMT (org.apache.zookeeper.ZooKeeper)
[2021-11-20 09:17:24,618] INFO Client environment:host.name=MERLIN.localdomain (org.apache.zookeeper.ZooKeeper)
[2021-11-20 09:17:24,618] INFO Client environment:java.version=1.8.0_292 (org.apache.zookeeper.ZooKeeper)
[2021-11-20 09:17:24,618] INFO Client environment:java.vendor=Private Build (org.apache.zookeeper.ZooKeeper)
[2021-11-20 09:17:24,618] INFO Client environment:java.home=/usr/lib/jvm/java-8-openjdk-amd64/jre (org.apache.zookeeper.ZooKeeper)
[2021-11-20 09:17:24,618] INFO Client environment:java.class.path=/home/adrian/documents/cs226/TweepyPLCrawling/kafka_2.12-2.8.1/bin/../libs/activation-1.1.1.jar:/home/adrian/documents/cs226/TweepyPLCrawling/kafka_2.12-2.8.1/bin/../libs/aopalliance-repackaged-2.6.1.jar:/home/adrian/documents/cs226/TweepyPLCrawling/kafka_2.12-2.8.1/bin/../libs/argparse4j-0.7.0.jar:/home/adrian/documents/cs226/TweepyPLCrawling/kafka_2.12-2.8.1/bin/../libs/audience-annotations-0.5.0.jar:/home/adrian/documents/cs226/TweepyPLCrawling/kafka_2.12-2.8.1/bin/../libs/commons-cli-1.4.jar:/home/adrian/documents/cs226/TweepyPLCrawling/kafka_2.12-2.8.1/bin/../libs/commons-lang3-3.8.1.jar:/home/adrian/documents/cs226/TweepyPLCrawling/kafka_2.12-2.8.1/bin/../libs/connect-api-2.8.1.jar:/home/adrian/documents/cs226/TweepyPLCrawling/kafka_2.12-2.8.1/bin/../libs/connect-basic-auth-extension-2.8.1.jar:/home/adrian/documents/cs226/TweepyPLCrawling/kafka_2.12-2.8.1/bin/../libs/connect-file-2.8.1.jar:/home/adrian/documents/cs226/TweepyPLCrawling/kafka_2.12-2.8.1/bin/../libs/connect-json-2.8.1.jar:/home/adrian/documents/cs226/TweepyPLCrawling/kafka_2.12-2.8.1/bin/../libs/connect-mirror-2.8.1.jar:/home/adrian/documents/cs226/TweepyPLCrawling/kafka_2.12-2.8.1/bin/../libs/connect-mirror-client-2.8.1.jar:/home/adrian/documents/cs226/TweepyPLCrawling/kafka_2.12-2.8.1/bin/../libs/connect-runtime-2.8.1.jar:/home/adrian/documents/cs226/TweepyPLCrawling/kafka_2.12-2.8.1/bin/../libs/connect-transforms-2.8.1.jar:/home/adrian/documents/cs226/TweepyPLCrawling/kafka_2.12-2.8.1/bin/../libs/hk2-api-2.6.1.jar:/home/adrian/documents/cs226/TweepyPLCrawling/kafka_2.12-2.8.1/bin/../libs/hk2-locator-2.6.1.jar:/home/adrian/documents/cs226/TweepyPLCrawling/kafka_2.12-2.8.1/bin/../libs/hk2-utils-2.6.1.jar:/home/adrian/documents/cs226/TweepyPLCrawling/kafka_2.12-2.8.1/bin/../libs/jackson-annotations-2.10.5.jar:/home/adrian/documents/cs226/TweepyPLCrawling/kafka_2.12-2.8.1/bin/../libs/jackson-core-2.10.5.jar:/home/adrian/documents/cs226/TweepyPLCrawling/kafka_2.12-2.8.1/bin/../libs/jackson-databind-2.10.5.1.jar:/home/adrian/documents/cs226/TweepyPLCrawling/kafka_2.12-2.8.1/bin/../libs/jackson-dataformat-csv-2.10.5.jar:/home/adrian/documents/cs226/TweepyPLCrawling/kafka_2.12-2.8.1/bin/../libs/jackson-datatype-jdk8-2.10.5.jar:/home/adrian/documents/cs226/TweepyPLCrawling/kafka_2.12-2.8.1/bin/../libs/jackson-jaxrs-base-2.10.5.jar:/home/adrian/documents/cs226/TweepyPLCrawling/kafka_2.12-2.8.1/bin/../libs/jackson-jaxrs-json-provider-2.10.5.jar:/home/adrian/documents/cs226/TweepyPLCrawling/kafka_2.12-2.8.1/bin/../libs/jackson-module-jaxb-annotations-2.10.5.jar:/home/adrian/documents/cs226/TweepyPLCrawling/kafka_2.12-2.8.1/bin/../libs/jackson-module-paranamer-2.10.5.jar:/home/adrian/documents/cs226/TweepyPLCrawling/kafka_2.12-2.8.1/bin/../libs/jackson-module-scala_2.12-2.10.5.jar:/home/adrian/documents/cs226/TweepyPLCrawling/kafka_2.12-2.8.1/bin/../libs/jakarta.activation-api-1.2.1.jar:/home/adrian/documents/cs226/TweepyPLCrawling/kafka_2.12-2.8.1/bin/../libs/jakarta.annotation-api-1.3.5.jar:/home/adrian/documents/cs226/TweepyPLCrawling/kafka_2.12-2.8.1/bin/../libs/jakarta.inject-2.6.1.jar:/home/adrian/documents/cs226/TweepyPLCrawling/kafka_2.12-2.8.1/bin/../libs/jakarta.validation-api-2.0.2.jar:/home/adrian/documents/cs226/TweepyPLCrawling/kafka_2.12-2.8.1/bin/../libs/jakarta.ws.rs-api-2.1.6.jar:/home/adrian/documents/cs226/TweepyPLCrawling/kafka_2.12-2.8.1/bin/../libs/jakarta.xml.bind-api-2.3.2.jar:/home/adrian/documents/cs226/TweepyPLCrawling/kafka_2.12-2.8.1/bin/../libs/javassist-3.27.0-GA.jar:/home/adrian/documents/cs226/TweepyPLCrawling/kafka_2.12-2.8.1/bin/../libs/javax.servlet-api-3.1.0.jar:/home/adrian/documents/cs226/TweepyPLCrawling/kafka_2.12-2.8.1/bin/../libs/javax.ws.rs-api-2.1.1.jar:/home/adrian/documents/cs226/TweepyPLCrawling/kafka_2.12-2.8.1/bin/../libs/jaxb-api-2.3.0.jar:/home/adrian/documents/cs226/TweepyPLCrawling/kafka_2.12-2.8.1/bin/../libs/jersey-client-2.34.jar:/home/adrian/documents/cs226/TweepyPLCrawling/kafka_2.12-2.8.1/bin/../libs/jersey-common-2.34.jar:/home/adrian/documents/cs226/TweepyPLCrawling/kafka_2.12-2.8.1/bin/../libs/jersey-container-servlet-2.34.jar:/home/adrian/documents/cs226/TweepyPLCrawling/kafka_2.12-2.8.1/bin/../libs/jersey-container-servlet-core-2.34.jar:/home/adrian/documents/cs226/TweepyPLCrawling/kafka_2.12-2.8.1/bin/../libs/jersey-hk2-2.34.jar:/home/adrian/documents/cs226/TweepyPLCrawling/kafka_2.12-2.8.1/bin/../libs/jersey-server-2.34.jar:/home/adrian/documents/cs226/TweepyPLCrawling/kafka_2.12-2.8.1/bin/../libs/jetty-client-9.4.43.v20210629.jar:/home/adrian/documents/cs226/TweepyPLCrawling/kafka_2.12-2.8.1/bin/../libs/jetty-continuation-9.4.43.v20210629.jar:/home/adrian/documents/cs226/TweepyPLCrawling/kafka_2.12-2.8.1/bin/../libs/jetty-http-9.4.43.v20210629.jar:/home/adrian/documents/cs226/TweepyPLCrawling/kafka_2.12-2.8.1/bin/../libs/jetty-io-9.4.43.v20210629.jar:/home/adrian/documents/cs226/TweepyPLCrawling/kafka_2.12-2.8.1/bin/../libs/jetty-security-9.4.43.v20210629.jar:/home/adrian/documents/cs226/TweepyPLCrawling/kafka_2.12-2.8.1/bin/../libs/jetty-server-9.4.43.v20210629.jar:/home/adrian/documents/cs226/TweepyPLCrawling/kafka_2.12-2.8.1/bin/../libs/jetty-servlet-9.4.43.v20210629.jar:/home/adrian/documents/cs226/TweepyPLCrawling/kafka_2.12-2.8.1/bin/../libs/jetty-servlets-9.4.43.v20210629.jar:/home/adrian/documents/cs226/TweepyPLCrawling/kafka_2.12-2.8.1/bin/../libs/jetty-util-9.4.43.v20210629.jar:/home/adrian/documents/cs226/TweepyPLCrawling/kafka_2.12-2.8.1/bin/../libs/jetty-util-ajax-9.4.43.v20210629.jar:/home/adrian/documents/cs226/TweepyPLCrawling/kafka_2.12-2.8.1/bin/../libs/jline-3.12.1.jar:/home/adrian/documents/cs226/TweepyPLCrawling/kafka_2.12-2.8.1/bin/../libs/jopt-simple-5.0.4.jar:/home/adrian/documents/cs226/TweepyPLCrawling/kafka_2.12-2.8.1/bin/../libs/kafka-clients-2.8.1.jar:/home/adrian/documents/cs226/TweepyPLCrawling/kafka_2.12-2.8.1/bin/../libs/kafka-log4j-appender-2.8.1.jar:/home/adrian/documents/cs226/TweepyPLCrawling/kafka_2.12-2.8.1/bin/../libs/kafka-metadata-2.8.1.jar:/home/adrian/documents/cs226/TweepyPLCrawling/kafka_2.12-2.8.1/bin/../libs/kafka-raft-2.8.1.jar:/home/adrian/documents/cs226/TweepyPLCrawling/kafka_2.12-2.8.1/bin/../libs/kafka-shell-2.8.1.jar:/home/adrian/documents/cs226/TweepyPLCrawling/kafka_2.12-2.8.1/bin/../libs/kafka-streams-2.8.1.jar:/home/adrian/documents/cs226/TweepyPLCrawling/kafka_2.12-2.8.1/bin/../libs/kafka-streams-examples-2.8.1.jar:/home/adrian/documents/cs226/TweepyPLCrawling/kafka_2.12-2.8.1/bin/../libs/kafka-streams-scala_2.12-2.8.1.jar:/home/adrian/documents/cs226/TweepyPLCrawling/kafka_2.12-2.8.1/bin/../libs/kafka-streams-test-utils-2.8.1.jar:/home/adrian/documents/cs226/TweepyPLCrawling/kafka_2.12-2.8.1/bin/../libs/kafka-tools-2.8.1.jar:/home/adrian/documents/cs226/TweepyPLCrawling/kafka_2.12-2.8.1/bin/../libs/kafka_2.12-2.8.1-sources.jar:/home/adrian/documents/cs226/TweepyPLCrawling/kafka_2.12-2.8.1/bin/../libs/kafka_2.12-2.8.1.jar:/home/adrian/documents/cs226/TweepyPLCrawling/kafka_2.12-2.8.1/bin/../libs/log4j-1.2.17.jar:/home/adrian/documents/cs226/TweepyPLCrawling/kafka_2.12-2.8.1/bin/../libs/lz4-java-1.7.1.jar:/home/adrian/documents/cs226/TweepyPLCrawling/kafka_2.12-2.8.1/bin/../libs/maven-artifact-3.8.1.jar:/home/adrian/documents/cs226/TweepyPLCrawling/kafka_2.12-2.8.1/bin/../libs/metrics-core-2.2.0.jar:/home/adrian/documents/cs226/TweepyPLCrawling/kafka_2.12-2.8.1/bin/../libs/netty-buffer-4.1.62.Final.jar:/home/adrian/documents/cs226/TweepyPLCrawling/kafka_2.12-2.8.1/bin/../libs/netty-codec-4.1.62.Final.jar:/home/adrian/documents/cs226/TweepyPLCrawling/kafka_2.12-2.8.1/bin/../libs/netty-common-4.1.62.Final.jar:/home/adrian/documents/cs226/TweepyPLCrawling/kafka_2.12-2.8.1/bin/../libs/netty-handler-4.1.62.Final.jar:/home/adrian/documents/cs226/TweepyPLCrawling/kafka_2.12-2.8.1/bin/../libs/netty-resolver-4.1.62.Final.jar:/home/adrian/documents/cs226/TweepyPLCrawling/kafka_2.12-2.8.1/bin/../libs/netty-transport-4.1.62.Final.jar:/home/adrian/documents/cs226/TweepyPLCrawling/kafka_2.12-2.8.1/bin/../libs/netty-transport-native-epoll-4.1.62.Final.jar:/home/adrian/documents/cs226/TweepyPLCrawling/kafka_2.12-2.8.1/bin/../libs/netty-transport-native-unix-common-4.1.62.Final.jar:/home/adrian/documents/cs226/TweepyPLCrawling/kafka_2.12-2.8.1/bin/../libs/osgi-resource-locator-1.0.3.jar:/home/adrian/documents/cs226/TweepyPLCrawling/kafka_2.12-2.8.1/bin/../libs/paranamer-2.8.jar:/home/adrian/documents/cs226/TweepyPLCrawling/kafka_2.12-2.8.1/bin/../libs/plexus-utils-3.2.1.jar:/home/adrian/documents/cs226/TweepyPLCrawling/kafka_2.12-2.8.1/bin/../libs/reflections-0.9.12.jar:/home/adrian/documents/cs226/TweepyPLCrawling/kafka_2.12-2.8.1/bin/../libs/rocksdbjni-5.18.4.jar:/home/adrian/documents/cs226/TweepyPLCrawling/kafka_2.12-2.8.1/bin/../libs/scala-collection-compat_2.12-2.3.0.jar:/home/adrian/documents/cs226/TweepyPLCrawling/kafka_2.12-2.8.1/bin/../libs/scala-java8-compat_2.12-0.9.1.jar:/home/adrian/documents/cs226/TweepyPLCrawling/kafka_2.12-2.8.1/bin/../libs/scala-library-2.12.13.jar:/home/adrian/documents/cs226/TweepyPLCrawling/kafka_2.12-2.8.1/bin/../libs/scala-logging_2.12-3.9.2.jar:/home/adrian/documents/cs226/TweepyPLCrawling/kafka_2.12-2.8.1/bin/../libs/scala-reflect-2.12.13.jar:/home/adrian/documents/cs226/TweepyPLCrawling/kafka_2.12-2.8.1/bin/../libs/slf4j-api-1.7.30.jar:/home/adrian/documents/cs226/TweepyPLCrawling/kafka_2.12-2.8.1/bin/../libs/slf4j-log4j12-1.7.30.jar:/home/adrian/documents/cs226/TweepyPLCrawling/kafka_2.12-2.8.1/bin/../libs/snappy-java-1.1.8.1.jar:/home/adrian/documents/cs226/TweepyPLCrawling/kafka_2.12-2.8.1/bin/../libs/zookeeper-3.5.9.jar:/home/adrian/documents/cs226/TweepyPLCrawling/kafka_2.12-2.8.1/bin/../libs/zookeeper-jute-3.5.9.jar:/home/adrian/documents/cs226/TweepyPLCrawling/kafka_2.12-2.8.1/bin/../libs/zstd-jni-1.4.9-1.jar (org.apache.zookeeper.ZooKeeper)
[2021-11-20 09:17:24,619] INFO Client environment:java.library.path=/usr/java/packages/lib/amd64:/usr/lib/x86_64-linux-gnu/jni:/lib/x86_64-linux-gnu:/usr/lib/x86_64-linux-gnu:/usr/lib/jni:/lib:/usr/lib (org.apache.zookeeper.ZooKeeper)
[2021-11-20 09:17:24,619] INFO Client environment:java.io.tmpdir=/tmp (org.apache.zookeeper.ZooKeeper)
[2021-11-20 09:17:24,619] INFO Client environment:java.compiler=<NA> (org.apache.zookeeper.ZooKeeper)
[2021-11-20 09:17:24,619] INFO Client environment:os.name=Linux (org.apache.zookeeper.ZooKeeper)
[2021-11-20 09:17:24,619] INFO Client environment:os.arch=amd64 (org.apache.zookeeper.ZooKeeper)
[2021-11-20 09:17:24,619] INFO Client environment:os.version=4.4.0-19041-Microsoft (org.apache.zookeeper.ZooKeeper)
[2021-11-20 09:17:24,619] INFO Client environment:user.name=adrian (org.apache.zookeeper.ZooKeeper)
[2021-11-20 09:17:24,619] INFO Client environment:user.home=/home/adrian (org.apache.zookeeper.ZooKeeper)
[2021-11-20 09:17:24,619] INFO Client environment:user.dir=/home/adrian/documents/cs226/TweepyPLCrawling/kafka_2.12-2.8.1 (org.apache.zookeeper.ZooKeeper)
[2021-11-20 09:17:24,619] INFO Client environment:os.memory.free=1012MB (org.apache.zookeeper.ZooKeeper)
[2021-11-20 09:17:24,619] INFO Client environment:os.memory.max=1024MB (org.apache.zookeeper.ZooKeeper)
[2021-11-20 09:17:24,619] INFO Client environment:os.memory.total=1024MB (org.apache.zookeeper.ZooKeeper)
[2021-11-20 09:17:24,622] INFO Initiating client connection, connectString=localhost:2181 sessionTimeout=18000 watcher=kafka.zookeeper.ZooKeeperClient$ZooKeeperClientWatcher$@14cd1699 (org.apache.zookeeper.ZooKeeper)
[2021-11-20 09:17:24,627] INFO jute.maxbuffer value is 4194304 Bytes (org.apache.zookeeper.ClientCnxnSocket)
[2021-11-20 09:17:24,632] INFO zookeeper.request.timeout value is 0. feature enabled= (org.apache.zookeeper.ClientCnxn)
[2021-11-20 09:17:24,635] INFO [ZooKeeperClient Kafka server] Waiting until connected. (kafka.zookeeper.ZooKeeperClient)
[2021-11-20 09:17:24,637] INFO Opening socket connection to server localhost/127.0.0.1:2181. Will not attempt to authenticate using SASL (unknown error) (org.apache.zookeeper.ClientCnxn)
[2021-11-20 09:17:25,806] INFO Terminating process due to signal SIGINT (org.apache.kafka.common.utils.LoggingSignalHandler)
[2021-11-20 09:17:25,808] INFO shutting down (kafka.server.KafkaServer)
[2021-11-20 09:17:25,811] ERROR Fatal error during KafkaServer shutdown. (kafka.server.KafkaServer)
java.lang.IllegalStateException: Kafka server is still starting up, cannot shut down!
	at kafka.server.KafkaServer.shutdown(KafkaServer.scala:660)
	at kafka.Kafka$.$anonfun$main$3(Kafka.scala:100)
	at kafka.utils.Exit$.$anonfun$addShutdownHook$1(Exit.scala:38)
	at java.lang.Thread.run(Thread.java:748)
[2021-11-20 09:17:25,813] ERROR Halting Kafka. (kafka.Kafka$)
[2021-11-20 09:17:40,949] INFO Reading configuration from: config/zookeeper.properties (org.apache.zookeeper.server.quorum.QuorumPeerConfig)
[2021-11-20 09:17:40,951] WARN config/zookeeper.properties is relative. Prepend ./ to indicate that you're sure! (org.apache.zookeeper.server.quorum.QuorumPeerConfig)
[2021-11-20 09:17:40,957] INFO clientPortAddress is 0.0.0.0:2181 (org.apache.zookeeper.server.quorum.QuorumPeerConfig)
[2021-11-20 09:17:40,958] INFO secureClientPort is not set (org.apache.zookeeper.server.quorum.QuorumPeerConfig)
[2021-11-20 09:17:40,960] INFO autopurge.snapRetainCount set to 3 (org.apache.zookeeper.server.DatadirCleanupManager)
[2021-11-20 09:17:40,960] INFO autopurge.purgeInterval set to 0 (org.apache.zookeeper.server.DatadirCleanupManager)
[2021-11-20 09:17:40,960] INFO Purge task is not scheduled. (org.apache.zookeeper.server.DatadirCleanupManager)
[2021-11-20 09:17:40,960] WARN Either no config or no quorum defined in config, running  in standalone mode (org.apache.zookeeper.server.quorum.QuorumPeerMain)
[2021-11-20 09:17:40,963] INFO Log4j 1.2 jmx support found and enabled. (org.apache.zookeeper.jmx.ManagedUtil)
[2021-11-20 09:17:40,974] INFO Reading configuration from: config/zookeeper.properties (org.apache.zookeeper.server.quorum.QuorumPeerConfig)
[2021-11-20 09:17:40,974] WARN config/zookeeper.properties is relative. Prepend ./ to indicate that you're sure! (org.apache.zookeeper.server.quorum.QuorumPeerConfig)
[2021-11-20 09:17:40,975] INFO clientPortAddress is 0.0.0.0:2181 (org.apache.zookeeper.server.quorum.QuorumPeerConfig)
[2021-11-20 09:17:40,975] INFO secureClientPort is not set (org.apache.zookeeper.server.quorum.QuorumPeerConfig)
[2021-11-20 09:17:40,975] INFO Starting server (org.apache.zookeeper.server.ZooKeeperServerMain)
[2021-11-20 09:17:40,978] INFO zookeeper.snapshot.trust.empty : false (org.apache.zookeeper.server.persistence.FileTxnSnapLog)
[2021-11-20 09:17:40,988] INFO Server environment:zookeeper.version=3.5.9-83df9301aa5c2a5d284a9940177808c01bc35cef, built on 01/06/2021 20:03 GMT (org.apache.zookeeper.server.ZooKeeperServer)
[2021-11-20 09:17:40,988] INFO Server environment:host.name=MERLIN.localdomain (org.apache.zookeeper.server.ZooKeeperServer)
[2021-11-20 09:17:40,988] INFO Server environment:java.version=1.8.0_292 (org.apache.zookeeper.server.ZooKeeperServer)
[2021-11-20 09:17:40,988] INFO Server environment:java.vendor=Private Build (org.apache.zookeeper.server.ZooKeeperServer)
[2021-11-20 09:17:40,988] INFO Server environment:java.home=/usr/lib/jvm/java-8-openjdk-amd64/jre (org.apache.zookeeper.server.ZooKeeperServer)
[2021-11-20 09:17:40,988] INFO Server environment:java.class.path=/home/adrian/documents/cs226/TweepyPLCrawling/kafka_2.12-2.8.1/bin/../libs/activation-1.1.1.jar:/home/adrian/documents/cs226/TweepyPLCrawling/kafka_2.12-2.8.1/bin/../libs/aopalliance-repackaged-2.6.1.jar:/home/adrian/documents/cs226/TweepyPLCrawling/kafka_2.12-2.8.1/bin/../libs/argparse4j-0.7.0.jar:/home/adrian/documents/cs226/TweepyPLCrawling/kafka_2.12-2.8.1/bin/../libs/audience-annotations-0.5.0.jar:/home/adrian/documents/cs226/TweepyPLCrawling/kafka_2.12-2.8.1/bin/../libs/commons-cli-1.4.jar:/home/adrian/documents/cs226/TweepyPLCrawling/kafka_2.12-2.8.1/bin/../libs/commons-lang3-3.8.1.jar:/home/adrian/documents/cs226/TweepyPLCrawling/kafka_2.12-2.8.1/bin/../libs/connect-api-2.8.1.jar:/home/adrian/documents/cs226/TweepyPLCrawling/kafka_2.12-2.8.1/bin/../libs/connect-basic-auth-extension-2.8.1.jar:/home/adrian/documents/cs226/TweepyPLCrawling/kafka_2.12-2.8.1/bin/../libs/connect-file-2.8.1.jar:/home/adrian/documents/cs226/TweepyPLCrawling/kafka_2.12-2.8.1/bin/../libs/connect-json-2.8.1.jar:/home/adrian/documents/cs226/TweepyPLCrawling/kafka_2.12-2.8.1/bin/../libs/connect-mirror-2.8.1.jar:/home/adrian/documents/cs226/TweepyPLCrawling/kafka_2.12-2.8.1/bin/../libs/connect-mirror-client-2.8.1.jar:/home/adrian/documents/cs226/TweepyPLCrawling/kafka_2.12-2.8.1/bin/../libs/connect-runtime-2.8.1.jar:/home/adrian/documents/cs226/TweepyPLCrawling/kafka_2.12-2.8.1/bin/../libs/connect-transforms-2.8.1.jar:/home/adrian/documents/cs226/TweepyPLCrawling/kafka_2.12-2.8.1/bin/../libs/hk2-api-2.6.1.jar:/home/adrian/documents/cs226/TweepyPLCrawling/kafka_2.12-2.8.1/bin/../libs/hk2-locator-2.6.1.jar:/home/adrian/documents/cs226/TweepyPLCrawling/kafka_2.12-2.8.1/bin/../libs/hk2-utils-2.6.1.jar:/home/adrian/documents/cs226/TweepyPLCrawling/kafka_2.12-2.8.1/bin/../libs/jackson-annotations-2.10.5.jar:/home/adrian/documents/cs226/TweepyPLCrawling/kafka_2.12-2.8.1/bin/../libs/jackson-core-2.10.5.jar:/home/adrian/documents/cs226/TweepyPLCrawling/kafka_2.12-2.8.1/bin/../libs/jackson-databind-2.10.5.1.jar:/home/adrian/documents/cs226/TweepyPLCrawling/kafka_2.12-2.8.1/bin/../libs/jackson-dataformat-csv-2.10.5.jar:/home/adrian/documents/cs226/TweepyPLCrawling/kafka_2.12-2.8.1/bin/../libs/jackson-datatype-jdk8-2.10.5.jar:/home/adrian/documents/cs226/TweepyPLCrawling/kafka_2.12-2.8.1/bin/../libs/jackson-jaxrs-base-2.10.5.jar:/home/adrian/documents/cs226/TweepyPLCrawling/kafka_2.12-2.8.1/bin/../libs/jackson-jaxrs-json-provider-2.10.5.jar:/home/adrian/documents/cs226/TweepyPLCrawling/kafka_2.12-2.8.1/bin/../libs/jackson-module-jaxb-annotations-2.10.5.jar:/home/adrian/documents/cs226/TweepyPLCrawling/kafka_2.12-2.8.1/bin/../libs/jackson-module-paranamer-2.10.5.jar:/home/adrian/documents/cs226/TweepyPLCrawling/kafka_2.12-2.8.1/bin/../libs/jackson-module-scala_2.12-2.10.5.jar:/home/adrian/documents/cs226/TweepyPLCrawling/kafka_2.12-2.8.1/bin/../libs/jakarta.activation-api-1.2.1.jar:/home/adrian/documents/cs226/TweepyPLCrawling/kafka_2.12-2.8.1/bin/../libs/jakarta.annotation-api-1.3.5.jar:/home/adrian/documents/cs226/TweepyPLCrawling/kafka_2.12-2.8.1/bin/../libs/jakarta.inject-2.6.1.jar:/home/adrian/documents/cs226/TweepyPLCrawling/kafka_2.12-2.8.1/bin/../libs/jakarta.validation-api-2.0.2.jar:/home/adrian/documents/cs226/TweepyPLCrawling/kafka_2.12-2.8.1/bin/../libs/jakarta.ws.rs-api-2.1.6.jar:/home/adrian/documents/cs226/TweepyPLCrawling/kafka_2.12-2.8.1/bin/../libs/jakarta.xml.bind-api-2.3.2.jar:/home/adrian/documents/cs226/TweepyPLCrawling/kafka_2.12-2.8.1/bin/../libs/javassist-3.27.0-GA.jar:/home/adrian/documents/cs226/TweepyPLCrawling/kafka_2.12-2.8.1/bin/../libs/javax.servlet-api-3.1.0.jar:/home/adrian/documents/cs226/TweepyPLCrawling/kafka_2.12-2.8.1/bin/../libs/javax.ws.rs-api-2.1.1.jar:/home/adrian/documents/cs226/TweepyPLCrawling/kafka_2.12-2.8.1/bin/../libs/jaxb-api-2.3.0.jar:/home/adrian/documents/cs226/TweepyPLCrawling/kafka_2.12-2.8.1/bin/../libs/jersey-client-2.34.jar:/home/adrian/documents/cs226/TweepyPLCrawling/kafka_2.12-2.8.1/bin/../libs/jersey-common-2.34.jar:/home/adrian/documents/cs226/TweepyPLCrawling/kafka_2.12-2.8.1/bin/../libs/jersey-container-servlet-2.34.jar:/home/adrian/documents/cs226/TweepyPLCrawling/kafka_2.12-2.8.1/bin/../libs/jersey-container-servlet-core-2.34.jar:/home/adrian/documents/cs226/TweepyPLCrawling/kafka_2.12-2.8.1/bin/../libs/jersey-hk2-2.34.jar:/home/adrian/documents/cs226/TweepyPLCrawling/kafka_2.12-2.8.1/bin/../libs/jersey-server-2.34.jar:/home/adrian/documents/cs226/TweepyPLCrawling/kafka_2.12-2.8.1/bin/../libs/jetty-client-9.4.43.v20210629.jar:/home/adrian/documents/cs226/TweepyPLCrawling/kafka_2.12-2.8.1/bin/../libs/jetty-continuation-9.4.43.v20210629.jar:/home/adrian/documents/cs226/TweepyPLCrawling/kafka_2.12-2.8.1/bin/../libs/jetty-http-9.4.43.v20210629.jar:/home/adrian/documents/cs226/TweepyPLCrawling/kafka_2.12-2.8.1/bin/../libs/jetty-io-9.4.43.v20210629.jar:/home/adrian/documents/cs226/TweepyPLCrawling/kafka_2.12-2.8.1/bin/../libs/jetty-security-9.4.43.v20210629.jar:/home/adrian/documents/cs226/TweepyPLCrawling/kafka_2.12-2.8.1/bin/../libs/jetty-server-9.4.43.v20210629.jar:/home/adrian/documents/cs226/TweepyPLCrawling/kafka_2.12-2.8.1/bin/../libs/jetty-servlet-9.4.43.v20210629.jar:/home/adrian/documents/cs226/TweepyPLCrawling/kafka_2.12-2.8.1/bin/../libs/jetty-servlets-9.4.43.v20210629.jar:/home/adrian/documents/cs226/TweepyPLCrawling/kafka_2.12-2.8.1/bin/../libs/jetty-util-9.4.43.v20210629.jar:/home/adrian/documents/cs226/TweepyPLCrawling/kafka_2.12-2.8.1/bin/../libs/jetty-util-ajax-9.4.43.v20210629.jar:/home/adrian/documents/cs226/TweepyPLCrawling/kafka_2.12-2.8.1/bin/../libs/jline-3.12.1.jar:/home/adrian/documents/cs226/TweepyPLCrawling/kafka_2.12-2.8.1/bin/../libs/jopt-simple-5.0.4.jar:/home/adrian/documents/cs226/TweepyPLCrawling/kafka_2.12-2.8.1/bin/../libs/kafka-clients-2.8.1.jar:/home/adrian/documents/cs226/TweepyPLCrawling/kafka_2.12-2.8.1/bin/../libs/kafka-log4j-appender-2.8.1.jar:/home/adrian/documents/cs226/TweepyPLCrawling/kafka_2.12-2.8.1/bin/../libs/kafka-metadata-2.8.1.jar:/home/adrian/documents/cs226/TweepyPLCrawling/kafka_2.12-2.8.1/bin/../libs/kafka-raft-2.8.1.jar:/home/adrian/documents/cs226/TweepyPLCrawling/kafka_2.12-2.8.1/bin/../libs/kafka-shell-2.8.1.jar:/home/adrian/documents/cs226/TweepyPLCrawling/kafka_2.12-2.8.1/bin/../libs/kafka-streams-2.8.1.jar:/home/adrian/documents/cs226/TweepyPLCrawling/kafka_2.12-2.8.1/bin/../libs/kafka-streams-examples-2.8.1.jar:/home/adrian/documents/cs226/TweepyPLCrawling/kafka_2.12-2.8.1/bin/../libs/kafka-streams-scala_2.12-2.8.1.jar:/home/adrian/documents/cs226/TweepyPLCrawling/kafka_2.12-2.8.1/bin/../libs/kafka-streams-test-utils-2.8.1.jar:/home/adrian/documents/cs226/TweepyPLCrawling/kafka_2.12-2.8.1/bin/../libs/kafka-tools-2.8.1.jar:/home/adrian/documents/cs226/TweepyPLCrawling/kafka_2.12-2.8.1/bin/../libs/kafka_2.12-2.8.1-sources.jar:/home/adrian/documents/cs226/TweepyPLCrawling/kafka_2.12-2.8.1/bin/../libs/kafka_2.12-2.8.1.jar:/home/adrian/documents/cs226/TweepyPLCrawling/kafka_2.12-2.8.1/bin/../libs/log4j-1.2.17.jar:/home/adrian/documents/cs226/TweepyPLCrawling/kafka_2.12-2.8.1/bin/../libs/lz4-java-1.7.1.jar:/home/adrian/documents/cs226/TweepyPLCrawling/kafka_2.12-2.8.1/bin/../libs/maven-artifact-3.8.1.jar:/home/adrian/documents/cs226/TweepyPLCrawling/kafka_2.12-2.8.1/bin/../libs/metrics-core-2.2.0.jar:/home/adrian/documents/cs226/TweepyPLCrawling/kafka_2.12-2.8.1/bin/../libs/netty-buffer-4.1.62.Final.jar:/home/adrian/documents/cs226/TweepyPLCrawling/kafka_2.12-2.8.1/bin/../libs/netty-codec-4.1.62.Final.jar:/home/adrian/documents/cs226/TweepyPLCrawling/kafka_2.12-2.8.1/bin/../libs/netty-common-4.1.62.Final.jar:/home/adrian/documents/cs226/TweepyPLCrawling/kafka_2.12-2.8.1/bin/../libs/netty-handler-4.1.62.Final.jar:/home/adrian/documents/cs226/TweepyPLCrawling/kafka_2.12-2.8.1/bin/../libs/netty-resolver-4.1.62.Final.jar:/home/adrian/documents/cs226/TweepyPLCrawling/kafka_2.12-2.8.1/bin/../libs/netty-transport-4.1.62.Final.jar:/home/adrian/documents/cs226/TweepyPLCrawling/kafka_2.12-2.8.1/bin/../libs/netty-transport-native-epoll-4.1.62.Final.jar:/home/adrian/documents/cs226/TweepyPLCrawling/kafka_2.12-2.8.1/bin/../libs/netty-transport-native-unix-common-4.1.62.Final.jar:/home/adrian/documents/cs226/TweepyPLCrawling/kafka_2.12-2.8.1/bin/../libs/osgi-resource-locator-1.0.3.jar:/home/adrian/documents/cs226/TweepyPLCrawling/kafka_2.12-2.8.1/bin/../libs/paranamer-2.8.jar:/home/adrian/documents/cs226/TweepyPLCrawling/kafka_2.12-2.8.1/bin/../libs/plexus-utils-3.2.1.jar:/home/adrian/documents/cs226/TweepyPLCrawling/kafka_2.12-2.8.1/bin/../libs/reflections-0.9.12.jar:/home/adrian/documents/cs226/TweepyPLCrawling/kafka_2.12-2.8.1/bin/../libs/rocksdbjni-5.18.4.jar:/home/adrian/documents/cs226/TweepyPLCrawling/kafka_2.12-2.8.1/bin/../libs/scala-collection-compat_2.12-2.3.0.jar:/home/adrian/documents/cs226/TweepyPLCrawling/kafka_2.12-2.8.1/bin/../libs/scala-java8-compat_2.12-0.9.1.jar:/home/adrian/documents/cs226/TweepyPLCrawling/kafka_2.12-2.8.1/bin/../libs/scala-library-2.12.13.jar:/home/adrian/documents/cs226/TweepyPLCrawling/kafka_2.12-2.8.1/bin/../libs/scala-logging_2.12-3.9.2.jar:/home/adrian/documents/cs226/TweepyPLCrawling/kafka_2.12-2.8.1/bin/../libs/scala-reflect-2.12.13.jar:/home/adrian/documents/cs226/TweepyPLCrawling/kafka_2.12-2.8.1/bin/../libs/slf4j-api-1.7.30.jar:/home/adrian/documents/cs226/TweepyPLCrawling/kafka_2.12-2.8.1/bin/../libs/slf4j-log4j12-1.7.30.jar:/home/adrian/documents/cs226/TweepyPLCrawling/kafka_2.12-2.8.1/bin/../libs/snappy-java-1.1.8.1.jar:/home/adrian/documents/cs226/TweepyPLCrawling/kafka_2.12-2.8.1/bin/../libs/zookeeper-3.5.9.jar:/home/adrian/documents/cs226/TweepyPLCrawling/kafka_2.12-2.8.1/bin/../libs/zookeeper-jute-3.5.9.jar:/home/adrian/documents/cs226/TweepyPLCrawling/kafka_2.12-2.8.1/bin/../libs/zstd-jni-1.4.9-1.jar (org.apache.zookeeper.server.ZooKeeperServer)
[2021-11-20 09:17:40,989] INFO Server environment:java.library.path=/usr/java/packages/lib/amd64:/usr/lib/x86_64-linux-gnu/jni:/lib/x86_64-linux-gnu:/usr/lib/x86_64-linux-gnu:/usr/lib/jni:/lib:/usr/lib (org.apache.zookeeper.server.ZooKeeperServer)
[2021-11-20 09:17:40,989] INFO Server environment:java.io.tmpdir=/tmp (org.apache.zookeeper.server.ZooKeeperServer)
[2021-11-20 09:17:40,989] INFO Server environment:java.compiler=<NA> (org.apache.zookeeper.server.ZooKeeperServer)
[2021-11-20 09:17:40,989] INFO Server environment:os.name=Linux (org.apache.zookeeper.server.ZooKeeperServer)
[2021-11-20 09:17:40,989] INFO Server environment:os.arch=amd64 (org.apache.zookeeper.server.ZooKeeperServer)
[2021-11-20 09:17:40,989] INFO Server environment:os.version=4.4.0-19041-Microsoft (org.apache.zookeeper.server.ZooKeeperServer)
[2021-11-20 09:17:40,989] INFO Server environment:user.name=adrian (org.apache.zookeeper.server.ZooKeeperServer)
[2021-11-20 09:17:40,989] INFO Server environment:user.home=/home/adrian (org.apache.zookeeper.server.ZooKeeperServer)
[2021-11-20 09:17:40,989] INFO Server environment:user.dir=/home/adrian/documents/cs226/TweepyPLCrawling/kafka_2.12-2.8.1 (org.apache.zookeeper.server.ZooKeeperServer)
[2021-11-20 09:17:40,990] INFO Server environment:os.memory.free=496MB (org.apache.zookeeper.server.ZooKeeperServer)
[2021-11-20 09:17:40,990] INFO Server environment:os.memory.max=512MB (org.apache.zookeeper.server.ZooKeeperServer)
[2021-11-20 09:17:40,990] INFO Server environment:os.memory.total=512MB (org.apache.zookeeper.server.ZooKeeperServer)
[2021-11-20 09:17:40,991] INFO minSessionTimeout set to 6000 (org.apache.zookeeper.server.ZooKeeperServer)
[2021-11-20 09:17:40,991] INFO maxSessionTimeout set to 60000 (org.apache.zookeeper.server.ZooKeeperServer)
[2021-11-20 09:17:40,991] INFO Created server with tickTime 3000 minSessionTimeout 6000 maxSessionTimeout 60000 datadir /tmp/zookeeper/version-2 snapdir /tmp/zookeeper/version-2 (org.apache.zookeeper.server.ZooKeeperServer)
[2021-11-20 09:17:40,998] INFO Using org.apache.zookeeper.server.NIOServerCnxnFactory as server connection factory (org.apache.zookeeper.server.ServerCnxnFactory)
[2021-11-20 09:17:41,002] INFO Configuring NIO connection handler with 10s sessionless connection timeout, 2 selector thread(s), 24 worker threads, and 64 kB direct buffers. (org.apache.zookeeper.server.NIOServerCnxnFactory)
[2021-11-20 09:17:41,008] INFO binding to port 0.0.0.0/0.0.0.0:2181 (org.apache.zookeeper.server.NIOServerCnxnFactory)
[2021-11-20 09:17:41,021] INFO zookeeper.snapshotSizeFactor = 0.33 (org.apache.zookeeper.server.ZKDatabase)
[2021-11-20 09:17:41,028] INFO Reading snapshot /tmp/zookeeper/version-2/snapshot.ed (org.apache.zookeeper.server.persistence.FileSnap)
[2021-11-20 09:17:41,053] INFO Snapshotting: 0x106 to /tmp/zookeeper/version-2/snapshot.106 (org.apache.zookeeper.server.persistence.FileTxnSnapLog)
[2021-11-20 09:17:41,068] INFO PrepRequestProcessor (sid:0) started, reconfigEnabled=false (org.apache.zookeeper.server.PrepRequestProcessor)
[2021-11-20 09:17:41,078] INFO Using checkIntervalMs=60000 maxPerMinute=10000 (org.apache.zookeeper.server.ContainerManager)
